C51 COMPILER V9.60.7.0   ASCIITOBCD                                                        02/22/2025 17:59:48 PAGE 1   


C51 COMPILER V9.60.7.0, COMPILATION OF MODULE ASCIITOBCD
OBJECT MODULE PLACED IN .\Objects\asciitobcd.obj
COMPILER INVOKED BY: C:\Keil_v5\C51\BIN\C51.EXE asciitobcd.c OPTIMIZE(8,SPEED) BROWSE DEBUG OBJECTEXTEND PRINT(.\Listing
                    -s\asciitobcd.lst) TABS(2) OBJECT(.\Objects\asciitobcd.obj)

line level    source

   1          #include<reg51.h>
   2          #include "asciitobcd.h"
   3          
   4          
   5          char converttobcd(char high_byte, char low_byte)
   6          {
   7   1        char a,b;
   8   1        a=((high_byte & 0x0f) <<4);
   9   1        b=(low_byte & 0x0f);
  10   1        return  a + b;
  11   1      }
  12          struct ascii converttoascii(char packed_bcd)
  13          {
  14   1        struct ascii ac;
  15   1        
  16   1         ac.high_byte =(0x30 + ((packed_bcd & 0xf0) >> 4));
  17   1         ac.low_byte =  (0x30 + (packed_bcd & 0x0f));
  18   1        return ac;
  19   1      }


MODULE INFORMATION:   STATIC OVERLAYABLE
   CODE SIZE        =     52    ----
   CONSTANT SIZE    =   ----    ----
   XDATA SIZE       =   ----    ----
   PDATA SIZE       =   ----    ----
   DATA SIZE        =   ----       2
   IDATA SIZE       =   ----    ----
   BIT SIZE         =   ----    ----
END OF MODULE INFORMATION.


C51 COMPILATION COMPLETE.  0 WARNING(S),  0 ERROR(S)
